Determining if the pthread_create exist failed with the following output:
Change Dir: /mnt/c/cygwin64/home/tsimboulis/lab/search-engine/build/CMakeFiles/CMakeTmp

Run Build Command:"/usr/bin/make" "cmTC_96ece/fast"
/usr/bin/make -f CMakeFiles/cmTC_96ece.dir/build.make CMakeFiles/cmTC_96ece.dir/build
make[1]: Entering directory '/mnt/c/cygwin64/home/tsimboulis/lab/search-engine/build/CMakeFiles/CMakeTmp'
Building C object CMakeFiles/cmTC_96ece.dir/CheckSymbolExists.c.o
/usr/bin/cc     -o CMakeFiles/cmTC_96ece.dir/CheckSymbolExists.c.o   -c /mnt/c/cygwin64/home/tsimboulis/lab/search-engine/build/CMakeFiles/CMakeTmp/CheckSymbolExists.c
Linking C executable cmTC_96ece
/usr/bin/cmake -E cmake_link_script CMakeFiles/cmTC_96ece.dir/link.txt --verbose=1
/usr/bin/cc       CMakeFiles/cmTC_96ece.dir/CheckSymbolExists.c.o  -o cmTC_96ece -rdynamic 
CMakeFiles/cmTC_96ece.dir/CheckSymbolExists.c.o: In function `main':
CheckSymbolExists.c:(.text+0x16): undefined reference to `pthread_create'
collect2: error: ld returned 1 exit status
CMakeFiles/cmTC_96ece.dir/build.make:97: recipe for target 'cmTC_96ece' failed
make[1]: *** [cmTC_96ece] Error 1
make[1]: Leaving directory '/mnt/c/cygwin64/home/tsimboulis/lab/search-engine/build/CMakeFiles/CMakeTmp'
Makefile:126: recipe for target 'cmTC_96ece/fast' failed
make: *** [cmTC_96ece/fast] Error 2

File /mnt/c/cygwin64/home/tsimboulis/lab/search-engine/build/CMakeFiles/CMakeTmp/CheckSymbolExists.c:
/* */
#include <pthread.h>

int main(int argc, char** argv)
{
  (void)argv;
#ifndef pthread_create
  return ((int*)(&pthread_create))[argc];
#else
  (void)argc;
  return 0;
#endif
}

